<?xml version="1.0" encoding="UTF-8"?>
<!-- Generated by org.testng.reporters.JUnitReportReporter -->
<testsuite skipped="0" hostname="ATMECSINLT-407" name="com.atmecs.auth.testscripts.DeleteUser" tests="1" failures="0" timestamp="2020-11-25T17:20:37 IST" time="0.427" errors="0">
  <testcase name="deleteUser" time="0.427" classname="com.atmecs.auth.testscripts.DeleteUser"/>
</testsuite> <!-- com.atmecs.auth.testscripts.DeleteUser -->
