<?xml version="1.0" encoding="UTF-8"?>
<!-- Generated by org.testng.reporters.JUnitReportReporter -->
<testsuite skipped="0" hostname="ATMECSINLT-407" name="com.atmecs.auth.testscripts.PostCreateUser" tests="1" failures="0" timestamp="2020-11-25T17:20:37 IST" time="2.926" errors="0">
  <testcase name="postCreateUser" time="2.926" classname="com.atmecs.auth.testscripts.PostCreateUser"/>
</testsuite> <!-- com.atmecs.auth.testscripts.PostCreateUser -->
