<?xml version="1.0" encoding="UTF-8"?>
<!-- Generated by org.testng.reporters.JUnitReportReporter -->
<testsuite skipped="0" hostname="ATMECSINLT-407" name="com.atmecs.auth.testscripts.LoginApi" tests="1" failures="0" timestamp="2020-11-25T15:33:57 IST" time="4.781" errors="0">
  <testcase name="testApi" time="4.781" classname="com.atmecs.auth.testscripts.LoginApi"/>
</testsuite> <!-- com.atmecs.auth.testscripts.LoginApi -->
