<?xml version="1.0" encoding="UTF-8"?>
<!-- Generated by org.testng.reporters.JUnitReportReporter -->
<testsuite skipped="0" hostname="ATMECSINLT-407" name="com.atmecs.auth.testscripts.PostProductApiTest" tests="1" failures="0" timestamp="2020-11-25T15:55:19 IST" time="3.757" errors="0">
  <testcase name="postDataCreateUser" time="3.757" classname="com.atmecs.auth.testscripts.PostProductApiTest"/>
</testsuite> <!-- com.atmecs.auth.testscripts.PostProductApiTest -->
